{
  "stats": {
    "suites": 1,
    "tests": 1,
    "passes": 0,
    "pending": 0,
    "failures": 1,
    "start": "2022-08-02T00:34:08.588Z",
    "end": "2022-08-02T00:34:22.893Z",
    "duration": 14305,
    "testsRegistered": 1,
    "passPercent": 0,
    "pendingPercent": 0,
    "other": 0,
    "hasOther": false,
    "skipped": 0,
    "hasSkipped": false
  },
  "results": [
    {
      "uuid": "0811dd7c-a795-4eab-b011-9cd1a7b6884c",
      "title": "",
      "fullFile": "cypress/integration/07.ExpenseGlobalState_spec.js",
      "file": "cypress/integration/07.ExpenseGlobalState_spec.js",
      "beforeHooks": [],
      "afterHooks": [],
      "tests": [],
      "suites": [
        {
          "uuid": "6d65b075-b8bf-478a-aa61-6b6ec6b057ac",
          "title": "7 - Implemente a lógica para que a tabela seja alimentada pelo estado da aplicação",
          "fullFile": "",
          "file": "",
          "beforeHooks": [],
          "afterHooks": [],
          "tests": [
            {
              "title": "A tabela deve ser alimentada pelo estado da aplicação, que estará disponível na chave expenses que vem do reducer wallet.",
              "fullTitle": "7 - Implemente a lógica para que a tabela seja alimentada pelo estado da aplicação A tabela deve ser alimentada pelo estado da aplicação, que estará disponível na chave expenses que vem do reducer wallet.",
              "timedOut": null,
              "duration": 13375,
              "state": "failed",
              "speed": null,
              "pass": false,
              "fail": true,
              "pending": false,
              "context": null,
              "code": "const expectedTableRows = [['Dez dólares', 'Trabalho', 'Cartão de débito', '10.00', 'Dólar Americano/Real Brasileiro', '4.75', '47.53', 'Real'], ['Cinco euros', 'Lazer', 'Cartão de crédito', '5.00', 'Euro/Real Brasileiro', '5.13', '25.63', 'Real']];\ncy.get('tbody tr').should('have.length', expectedTableRows.length);\ncy.get('tbody tr').each((row, index) => {\n  cy.wrap(expectedTableRows[index]).each(expectedValue => {\n    cy.get(row).find('td').contains(expectedValue);\n  });\n});",
              "err": {
                "message": "AssertionError: Timed out retrying after 10000ms: Expected to find element: `tbody tr`, but never found it.",
                "estack": "AssertionError: Timed out retrying after 10000ms: Expected to find element: `tbody tr`, but never found it.\n    at Context.eval (http://localhost:3000/__cypress/tests?p=cypress/integration/07.ExpenseGlobalState_spec.js:139:24)",
                "diff": null
              },
              "uuid": "27c3c850-59ca-465d-9a02-e9edeaf0f4a6",
              "parentUUID": "6d65b075-b8bf-478a-aa61-6b6ec6b057ac",
              "isHook": false,
              "skipped": false
            }
          ],
          "suites": [],
          "passes": [],
          "failures": [
            "27c3c850-59ca-465d-9a02-e9edeaf0f4a6"
          ],
          "pending": [],
          "skipped": [],
          "duration": 13375,
          "root": false,
          "rootEmpty": false,
          "_timeout": 2000
        }
      ],
      "passes": [],
      "failures": [],
      "pending": [],
      "skipped": [],
      "duration": 0,
      "root": true,
      "rootEmpty": true,
      "_timeout": 2000
    }
  ],
  "meta": {
    "mocha": {
      "version": "7.0.1"
    },
    "mochawesome": {
      "options": {
        "quiet": false,
        "reportFilename": "mochawesome",
        "saveHtml": false,
        "saveJson": true,
        "consoleReporter": "spec",
        "useInlineDiffs": false,
        "code": true
      },
      "version": "7.1.3"
    },
    "marge": {
      "options": {
        "id": "default",
        "reportDir": "cypress/reports",
        "overwrite": false,
        "html": false,
        "json": true
      },
      "version": "6.2.0"
    }
  }
}