{
  "stats": {
    "suites": 1,
    "tests": 6,
    "passes": 4,
    "pending": 0,
    "failures": 2,
    "start": "2022-07-28T21:46:50.806Z",
    "end": "2022-07-28T21:46:57.027Z",
    "duration": 6221,
    "testsRegistered": 6,
    "passPercent": 66.66666666666666,
    "pendingPercent": 0,
    "other": 0,
    "hasOther": false,
    "skipped": 0,
    "hasSkipped": false
  },
  "results": [
    {
      "uuid": "055eccb9-0200-48cc-8307-f2bd35201a74",
      "title": "",
      "fullFile": "cypress/integration/01.LoginPage_spec.js",
      "file": "cypress/integration/01.LoginPage_spec.js",
      "beforeHooks": [],
      "afterHooks": [],
      "tests": [],
      "suites": [
        {
          "uuid": "feb570a6-1595-4f55-b91a-d6ff9bd86ffb",
          "title": "1 - Crie uma página inicial de login com os seguintes campos e características:",
          "fullFile": "",
          "file": "",
          "beforeHooks": [],
          "afterHooks": [],
          "tests": [
            {
              "title": "A rota para esta página deve ser '/'",
              "fullTitle": "1 - Crie uma página inicial de login com os seguintes campos e características: A rota para esta página deve ser '/'",
              "timedOut": null,
              "duration": 367,
              "state": "passed",
              "speed": "fast",
              "pass": true,
              "fail": false,
              "pending": false,
              "context": null,
              "code": "cy.location('pathname').should('eq', '/');",
              "err": {},
              "uuid": "c5bdb44e-8470-4c14-bb0c-76f291c3f358",
              "parentUUID": "feb570a6-1595-4f55-b91a-d6ff9bd86ffb",
              "isHook": false,
              "skipped": false
            },
            {
              "title": "Crie um local para que o usuário insira seu email e senha",
              "fullTitle": "1 - Crie uma página inicial de login com os seguintes campos e características: Crie um local para que o usuário insira seu email e senha",
              "timedOut": null,
              "duration": 109,
              "state": "passed",
              "speed": "fast",
              "pass": true,
              "fail": false,
              "pending": false,
              "context": null,
              "code": "cy.getByTestId(_constants.EMAIL_INPUT_TEST_ID).should('exist');\ncy.getByTestId(_constants.PASSWORD_INPUT_TEST_ID).should('exist');",
              "err": {},
              "uuid": "8ab6ea82-6ad7-4c39-b48a-515e7ecc25a8",
              "parentUUID": "feb570a6-1595-4f55-b91a-d6ff9bd86ffb",
              "isHook": false,
              "skipped": false
            },
            {
              "title": "Crie um botão com o texto 'Entrar'",
              "fullTitle": "1 - Crie uma página inicial de login com os seguintes campos e características: Crie um botão com o texto 'Entrar'",
              "timedOut": null,
              "duration": 80,
              "state": "passed",
              "speed": "fast",
              "pass": true,
              "fail": false,
              "pending": false,
              "context": null,
              "code": "cy.contains(/Entrar/i).should('exist');",
              "err": {},
              "uuid": "45ede80f-1a0e-4235-8af1-bad102a1dd01",
              "parentUUID": "feb570a6-1595-4f55-b91a-d6ff9bd86ffb",
              "isHook": false,
              "skipped": false
            },
            {
              "title": "Realize as seguintes verificações nos campos de email, senha e botão:",
              "fullTitle": "1 - Crie uma página inicial de login com os seguintes campos e características: Realize as seguintes verificações nos campos de email, senha e botão:",
              "timedOut": null,
              "duration": 3156,
              "state": "passed",
              "speed": "fast",
              "pass": true,
              "fail": false,
              "pending": false,
              "context": null,
              "code": "cy.contains(/Entrar/i).should('be.disabled');\ncy.getByTestId(_constants.EMAIL_INPUT_TEST_ID).type(_constants.INVALID_EMAIL_0);\ncy.getByTestId(_constants.PASSWORD_INPUT_TEST_ID).type(_constants.VALID_PASSWORD);\ncy.contains(/Entrar/i).should('be.disabled');\ncy.getByTestId(_constants.EMAIL_INPUT_TEST_ID).clear().type(_constants.INVALID_EMAIL_1);\ncy.getByTestId(_constants.PASSWORD_INPUT_TEST_ID).clear().type(_constants.VALID_PASSWORD);\ncy.contains(/Entrar/i).should('be.disabled');\ncy.getByTestId(_constants.EMAIL_INPUT_TEST_ID).clear().type(_constants.INVALID_EMAIL_2);\ncy.getByTestId(_constants.PASSWORD_INPUT_TEST_ID).clear().type(_constants.VALID_PASSWORD);\ncy.contains(/Entrar/i).should('be.disabled');\ncy.getByTestId(_constants.EMAIL_INPUT_TEST_ID).clear().type(_constants.INVALID_EMAIL_3);\ncy.getByTestId(_constants.PASSWORD_INPUT_TEST_ID).clear().type(_constants.VALID_PASSWORD);\ncy.contains(/Entrar/i).should('be.disabled');\ncy.getByTestId(_constants.EMAIL_INPUT_TEST_ID).clear().type(_constants.VALID_EMAIL);\ncy.getByTestId(_constants.PASSWORD_INPUT_TEST_ID).clear().type(_constants.INVALID_PASSWORD);\ncy.contains(/Entrar/i).should('be.disabled');\ncy.getByTestId(_constants.EMAIL_INPUT_TEST_ID).clear().type(_constants.VALID_EMAIL);\ncy.getByTestId(_constants.PASSWORD_INPUT_TEST_ID).clear().type(_constants.VALID_PASSWORD);\ncy.contains(/Entrar/i).should('not.be.disabled');",
              "err": {},
              "uuid": "5aa07714-d159-46f8-b1ca-381e354f92de",
              "parentUUID": "feb570a6-1595-4f55-b91a-d6ff9bd86ffb",
              "isHook": false,
              "skipped": false
            },
            {
              "title": "Salve o email no estado da aplicação, com a chave email, assim que o usuário logar.",
              "fullTitle": "1 - Crie uma página inicial de login com os seguintes campos e características: Salve o email no estado da aplicação, com a chave email, assim que o usuário logar.",
              "timedOut": null,
              "duration": 686,
              "state": "failed",
              "speed": null,
              "pass": false,
              "fail": true,
              "pending": false,
              "context": null,
              "code": "(0, _helperFunctions.logInWithValidCredentials)();\ncy.window().its('store').invoke('getState').its('user.email').should('eq', _constants.VALID_EMAIL);",
              "err": {
                "message": "TypeError: The following error originated from your application code, not from Cypress.\n\n  > userLogin is not a function\n\nWhen Cypress detects uncaught errors originating from your application it will automatically fail the current test.\n\nThis behavior is configurable, and you can choose to turn this off by listening to the `uncaught:exception` event.\n\nhttps://on.cypress.io/uncaught-exception-from-application",
                "estack": "TypeError: The following error originated from your application code, not from Cypress.\n\n  > userLogin is not a function\n\nWhen Cypress detects uncaught errors originating from your application it will automatically fail the current test.\n\nThis behavior is configurable, and you can choose to turn this off by listening to the `uncaught:exception` event.\n\nhttps://on.cypress.io/uncaught-exception-from-application\n    at Login.onSubmit (http://localhost:3000/static/js/main.chunk.js:258:7)\n    at HTMLUnknownElement.callCallback (http://localhost:3000/static/js/0.chunk.js:6269:18)\n    at Object.invokeGuardedCallbackDev (http://localhost:3000/static/js/0.chunk.js:6318:20)\n    at invokeGuardedCallback (http://localhost:3000/static/js/0.chunk.js:6371:35)\n    at invokeGuardedCallbackAndCatchFirstError (http://localhost:3000/static/js/0.chunk.js:6386:29)\n    at executeDispatch (http://localhost:3000/static/js/0.chunk.js:6471:7)\n    at executeDispatchesInOrder (http://localhost:3000/static/js/0.chunk.js:6496:9)\n    at executeDispatchesAndRelease (http://localhost:3000/static/js/0.chunk.js:9380:9)\n    at executeDispatchesAndReleaseTopLevel (http://localhost:3000/static/js/0.chunk.js:9389:14)\n    at forEachAccumulated (http://localhost:3000/static/js/0.chunk.js:9361:12)\n    at runEventsInBatch (http://localhost:3000/static/js/0.chunk.js:9406:7)\n    at runExtractedPluginEventsInBatch (http://localhost:3000/static/js/0.chunk.js:9616:7)\n    at handleTopLevel (http://localhost:3000/static/js/0.chunk.js:9660:9)\n    at batchedEventUpdates$1 (http://localhost:3000/static/js/0.chunk.js:27806:16)\n    at batchedEventUpdates (http://localhost:3000/static/js/0.chunk.js:6878:16)\n    at dispatchEventForLegacyPluginEventSystem (http://localhost:3000/static/js/0.chunk.js:9670:9)\n    at attemptToDispatchEvent (http://localhost:3000/static/js/0.chunk.js:10390:9)\n    at dispatchEvent (http://localhost:3000/static/js/0.chunk.js:10311:23)\n    at unstable_runWithPriority (http://localhost:3000/static/js/0.chunk.js:41822:16)\n    at runWithPriority$1 (http://localhost:3000/static/js/0.chunk.js:17156:14)\n    at discreteUpdates$1 (http://localhost:3000/static/js/0.chunk.js:27823:16)\n    at discreteUpdates (http://localhost:3000/static/js/0.chunk.js:6891:16)\n    at dispatchDiscreteEvent (http://localhost:3000/static/js/0.chunk.js:10290:7)",
                "diff": null
              },
              "uuid": "d099cb18-fb4c-471e-b108-d15b8381f78e",
              "parentUUID": "feb570a6-1595-4f55-b91a-d6ff9bd86ffb",
              "isHook": false,
              "skipped": false
            },
            {
              "title": "A rota deve ser mudada para '/carteira' após o clique no botão.",
              "fullTitle": "1 - Crie uma página inicial de login com os seguintes campos e características: A rota deve ser mudada para '/carteira' após o clique no botão.",
              "timedOut": null,
              "duration": 854,
              "state": "failed",
              "speed": null,
              "pass": false,
              "fail": true,
              "pending": false,
              "context": null,
              "code": "(0, _helperFunctions.logInWithValidCredentials)();\ncy.location('pathname').should('eq', '/carteira');",
              "err": {
                "message": "TypeError: The following error originated from your application code, not from Cypress.\n\n  > userLogin is not a function\n\nWhen Cypress detects uncaught errors originating from your application it will automatically fail the current test.\n\nThis behavior is configurable, and you can choose to turn this off by listening to the `uncaught:exception` event.\n\nhttps://on.cypress.io/uncaught-exception-from-application",
                "estack": "TypeError: The following error originated from your application code, not from Cypress.\n\n  > userLogin is not a function\n\nWhen Cypress detects uncaught errors originating from your application it will automatically fail the current test.\n\nThis behavior is configurable, and you can choose to turn this off by listening to the `uncaught:exception` event.\n\nhttps://on.cypress.io/uncaught-exception-from-application\n    at Login.onSubmit (http://localhost:3000/static/js/main.chunk.js:258:7)\n    at HTMLUnknownElement.callCallback (http://localhost:3000/static/js/0.chunk.js:6269:18)\n    at Object.invokeGuardedCallbackDev (http://localhost:3000/static/js/0.chunk.js:6318:20)\n    at invokeGuardedCallback (http://localhost:3000/static/js/0.chunk.js:6371:35)\n    at invokeGuardedCallbackAndCatchFirstError (http://localhost:3000/static/js/0.chunk.js:6386:29)\n    at executeDispatch (http://localhost:3000/static/js/0.chunk.js:6471:7)\n    at executeDispatchesInOrder (http://localhost:3000/static/js/0.chunk.js:6496:9)\n    at executeDispatchesAndRelease (http://localhost:3000/static/js/0.chunk.js:9380:9)\n    at executeDispatchesAndReleaseTopLevel (http://localhost:3000/static/js/0.chunk.js:9389:14)\n    at forEachAccumulated (http://localhost:3000/static/js/0.chunk.js:9361:12)\n    at runEventsInBatch (http://localhost:3000/static/js/0.chunk.js:9406:7)\n    at runExtractedPluginEventsInBatch (http://localhost:3000/static/js/0.chunk.js:9616:7)\n    at handleTopLevel (http://localhost:3000/static/js/0.chunk.js:9660:9)\n    at batchedEventUpdates$1 (http://localhost:3000/static/js/0.chunk.js:27806:16)\n    at batchedEventUpdates (http://localhost:3000/static/js/0.chunk.js:6878:16)\n    at dispatchEventForLegacyPluginEventSystem (http://localhost:3000/static/js/0.chunk.js:9670:9)\n    at attemptToDispatchEvent (http://localhost:3000/static/js/0.chunk.js:10390:9)\n    at dispatchEvent (http://localhost:3000/static/js/0.chunk.js:10311:23)\n    at unstable_runWithPriority (http://localhost:3000/static/js/0.chunk.js:41822:16)\n    at runWithPriority$1 (http://localhost:3000/static/js/0.chunk.js:17156:14)\n    at discreteUpdates$1 (http://localhost:3000/static/js/0.chunk.js:27823:16)\n    at discreteUpdates (http://localhost:3000/static/js/0.chunk.js:6891:16)\n    at dispatchDiscreteEvent (http://localhost:3000/static/js/0.chunk.js:10290:7)",
                "diff": null
              },
              "uuid": "f1061f69-b945-41db-92a4-8b1f3d084377",
              "parentUUID": "feb570a6-1595-4f55-b91a-d6ff9bd86ffb",
              "isHook": false,
              "skipped": false
            }
          ],
          "suites": [],
          "passes": [
            "c5bdb44e-8470-4c14-bb0c-76f291c3f358",
            "8ab6ea82-6ad7-4c39-b48a-515e7ecc25a8",
            "45ede80f-1a0e-4235-8af1-bad102a1dd01",
            "5aa07714-d159-46f8-b1ca-381e354f92de"
          ],
          "failures": [
            "d099cb18-fb4c-471e-b108-d15b8381f78e",
            "f1061f69-b945-41db-92a4-8b1f3d084377"
          ],
          "pending": [],
          "skipped": [],
          "duration": 5252,
          "root": false,
          "rootEmpty": false,
          "_timeout": 2000
        }
      ],
      "passes": [],
      "failures": [],
      "pending": [],
      "skipped": [],
      "duration": 0,
      "root": true,
      "rootEmpty": true,
      "_timeout": 2000
    }
  ],
  "meta": {
    "mocha": {
      "version": "7.0.1"
    },
    "mochawesome": {
      "options": {
        "quiet": false,
        "reportFilename": "mochawesome",
        "saveHtml": false,
        "saveJson": true,
        "consoleReporter": "spec",
        "useInlineDiffs": false,
        "code": true
      },
      "version": "7.1.3"
    },
    "marge": {
      "options": {
        "id": "default",
        "reportDir": "cypress/reports",
        "overwrite": false,
        "html": false,
        "json": true
      },
      "version": "6.2.0"
    }
  }
}